----------------------------------------
Timestamp local:F Friday, March 8, 2019 10:37:48 AM
Message: Application_Error | System.Web.HttpUnhandledException (0x80004005): Exception of type 'System.Web.HttpUnhandledException' was thrown. ---> System.NullReferenceException: Object reference not set to an instance of an object.
   at ASP.vhmsmasterpage_master.__Render__control1(HtmlTextWriter __w, Control parameterContainer) in d:\Mani\Xitran Technologies \Source Code\VHMS\VHMS.Web\VHMSMasterPage.master:line 72
   at System.Web.UI.Control.RenderChildrenInternal(HtmlTextWriter writer, ICollection children)
   at System.Web.UI.Control.RenderChildren(HtmlTextWriter writer)
   at System.Web.UI.Control.Render(HtmlTextWriter writer)
   at System.Web.UI.Control.RenderControlInternal(HtmlTextWriter writer, ControlAdapter adapter)
   at System.Web.UI.Control.RenderControl(HtmlTextWriter writer, ControlAdapter adapter)
   at System.Web.UI.Control.RenderControl(HtmlTextWriter writer)
   at System.Web.UI.Control.RenderChildrenInternal(HtmlTextWriter writer, ICollection children)
   at System.Web.UI.Control.RenderChildren(HtmlTextWriter writer)
   at System.Web.UI.Page.Render(HtmlTextWriter writer)
   at System.Web.UI.Control.RenderControlInternal(HtmlTextWriter writer, ControlAdapter adapter)
   at System.Web.UI.Control.RenderControl(HtmlTextWriter writer, ControlAdapter adapter)
   at System.Web.UI.Control.RenderControl(HtmlTextWriter writer)
   at System.Web.UI.Page.ProcessRequestMain(Boolean includeStagesBeforeAsyncPoint, Boolean includeStagesAfterAsyncPoint)
   at System.Web.UI.Page.HandleError(Exception e)
   at System.Web.UI.Page.ProcessRequestMain(Boolean includeStagesBeforeAsyncPoint, Boolean includeStagesAfterAsyncPoint)
   at System.Web.UI.Page.ProcessRequest(Boolean includeStagesBeforeAsyncPoint, Boolean includeStagesAfterAsyncPoint)
   at System.Web.UI.Page.ProcessRequest()
   at System.Web.UI.Page.ProcessRequestWithNoAssert(HttpContext context)
   at System.Web.UI.Page.ProcessRequest(HttpContext context)
   at ASP.frmopreport_aspx.ProcessRequest(HttpContext context) in c:\Users\Binaryclouds-PC\AppData\Local\Temp\Temporary ASP.NET Files\vs\8f32aff9\b13cd28\App_Web_gjo4hb2x.0.cs:line 0
   at System.Web.HttpApplication.CallHandlerExecutionStep.System.Web.HttpApplication.IExecutionStep.Execute()
   at System.Web.HttpApplication.ExecuteStepImpl(IExecutionStep step)
   at System.Web.HttpApplication.ExecuteStep(IExecutionStep step, Boolean& completedSynchronously)|
HouseType: General

Priority: -1

EventId: 2

Severity: Information

Title:

Machine: DESKTOP-5TS16T6

App Domain: /LM/W3SVC/2/ROOT-1-131964952582697261

ProcessId: 9200

Process Name: C:\Program Files (x86)\IIS Express\iisexpress.exe

Thread Name: 

Win32 ThreadId:1428

Extended Properties: Application_Error | System.Web.HttpUnhandledException (0x80004005): Exception of type 'System.Web.HttpUnhandledException' was thrown. ---> System.NullReferenceException: Object reference not set to an instance of an object.
   at ASP.vhmsmasterpage_master.__Render__control1(HtmlTextWriter __w, Control parameterContainer) in d:\Mani\Xitran Technologies \Source Code\VHMS\VHMS.Web\VHMSMasterPage.master:line 72
   at System.Web.UI.Control.RenderChildrenInternal(HtmlTextWriter writer, ICollection children)
   at System.Web.UI.Control.RenderChildren(HtmlTextWriter writer)
   at System.Web.UI.Control.Render(HtmlTextWriter writer)
   at System.Web.UI.Control.RenderControlInternal(HtmlTextWriter writer, ControlAdapter adapter)
   at System.Web.UI.Control.RenderControl(HtmlTextWriter writer, ControlAdapter adapter)
   at System.Web.UI.Control.RenderControl(HtmlTextWriter writer)
   at System.Web.UI.Control.RenderChildrenInternal(HtmlTextWriter writer, ICollection children)
   at System.Web.UI.Control.RenderChildren(HtmlTextWriter writer)
   at System.Web.UI.Page.Render(HtmlTextWriter writer)
   at System.Web.UI.Control.RenderControlInternal(HtmlTextWriter writer, ControlAdapter adapter)
   at System.Web.UI.Control.RenderControl(HtmlTextWriter writer, ControlAdapter adapter)
   at System.Web.UI.Control.RenderControl(HtmlTextWriter writer)
   at System.Web.UI.Page.ProcessRequestMain(Boolean includeStagesBeforeAsyncPoint, Boolean includeStagesAfterAsyncPoint)
   at System.Web.UI.Page.HandleError(Exception e)
   at System.Web.UI.Page.ProcessRequestMain(Boolean includeStagesBeforeAsyncPoint, Boolean includeStagesAfterAsyncPoint)
   at System.Web.UI.Page.ProcessRequest(Boolean includeStagesBeforeAsyncPoint, Boolean includeStagesAfterAsyncPoint)
   at System.Web.UI.Page.ProcessRequest()
   at System.Web.UI.Page.ProcessRequestWithNoAssert(HttpContext context)
   at System.Web.UI.Page.ProcessRequest(HttpContext context)
   at ASP.frmopreport_aspx.ProcessRequest(HttpContext context) in c:\Users\Binaryclouds-PC\AppData\Local\Temp\Temporary ASP.NET Files\vs\8f32aff9\b13cd28\App_Web_gjo4hb2x.0.cs:line 0
   at System.Web.HttpApplication.CallHandlerExecutionStep.System.Web.HttpApplication.IExecutionStep.Execute()
   at System.Web.HttpApplication.ExecuteStepImpl(IExecutionStep step)
   at System.Web.HttpApplication.ExecuteStep(IExecutionStep step, Boolean& completedSynchronously)
----------------------------------------
----------------------------------------
Timestamp local:F Friday, March 8, 2019 10:39:29 AM
Message: Application_Error | System.Web.HttpUnhandledException (0x80004005): Exception of type 'System.Web.HttpUnhandledException' was thrown. ---> System.NullReferenceException: Object reference not set to an instance of an object.
   at ASP.vhmsmasterpage_master.__Render__control1(HtmlTextWriter __w, Control parameterContainer) in d:\Mani\Xitran Technologies \Source Code\VHMS\VHMS.Web\VHMSMasterPage.master:line 72
   at System.Web.UI.Control.RenderChildrenInternal(HtmlTextWriter writer, ICollection children)
   at System.Web.UI.Control.RenderChildren(HtmlTextWriter writer)
   at System.Web.UI.Control.Render(HtmlTextWriter writer)
   at System.Web.UI.Control.RenderControlInternal(HtmlTextWriter writer, ControlAdapter adapter)
   at System.Web.UI.Control.RenderControl(HtmlTextWriter writer, ControlAdapter adapter)
   at System.Web.UI.Control.RenderControl(HtmlTextWriter writer)
   at System.Web.UI.Control.RenderChildrenInternal(HtmlTextWriter writer, ICollection children)
   at System.Web.UI.Control.RenderChildren(HtmlTextWriter writer)
   at System.Web.UI.Page.Render(HtmlTextWriter writer)
   at System.Web.UI.Control.RenderControlInternal(HtmlTextWriter writer, ControlAdapter adapter)
   at System.Web.UI.Control.RenderControl(HtmlTextWriter writer, ControlAdapter adapter)
   at System.Web.UI.Control.RenderControl(HtmlTextWriter writer)
   at System.Web.UI.Page.ProcessRequestMain(Boolean includeStagesBeforeAsyncPoint, Boolean includeStagesAfterAsyncPoint)
   at System.Web.UI.Page.HandleError(Exception e)
   at System.Web.UI.Page.ProcessRequestMain(Boolean includeStagesBeforeAsyncPoint, Boolean includeStagesAfterAsyncPoint)
   at System.Web.UI.Page.ProcessRequest(Boolean includeStagesBeforeAsyncPoint, Boolean includeStagesAfterAsyncPoint)
   at System.Web.UI.Page.ProcessRequest()
   at System.Web.UI.Page.ProcessRequestWithNoAssert(HttpContext context)
   at System.Web.UI.Page.ProcessRequest(HttpContext context)
   at ASP.frmopreport_aspx.ProcessRequest(HttpContext context) in c:\Users\Binaryclouds-PC\AppData\Local\Temp\Temporary ASP.NET Files\vs\8f32aff9\b13cd28\App_Web_gjo4hb2x.0.cs:line 0
   at System.Web.HttpApplication.CallHandlerExecutionStep.System.Web.HttpApplication.IExecutionStep.Execute()
   at System.Web.HttpApplication.ExecuteStepImpl(IExecutionStep step)
   at System.Web.HttpApplication.ExecuteStep(IExecutionStep step, Boolean& completedSynchronously)|
HouseType: General

Priority: -1

EventId: 2

Severity: Information

Title:

Machine: DESKTOP-5TS16T6

App Domain: /LM/W3SVC/2/ROOT-1-131964952582697261

ProcessId: 9200

Process Name: C:\Program Files (x86)\IIS Express\iisexpress.exe

Thread Name: 

Win32 ThreadId:1428

Extended Properties: Application_Error | System.Web.HttpUnhandledException (0x80004005): Exception of type 'System.Web.HttpUnhandledException' was thrown. ---> System.NullReferenceException: Object reference not set to an instance of an object.
   at ASP.vhmsmasterpage_master.__Render__control1(HtmlTextWriter __w, Control parameterContainer) in d:\Mani\Xitran Technologies \Source Code\VHMS\VHMS.Web\VHMSMasterPage.master:line 72
   at System.Web.UI.Control.RenderChildrenInternal(HtmlTextWriter writer, ICollection children)
   at System.Web.UI.Control.RenderChildren(HtmlTextWriter writer)
   at System.Web.UI.Control.Render(HtmlTextWriter writer)
   at System.Web.UI.Control.RenderControlInternal(HtmlTextWriter writer, ControlAdapter adapter)
   at System.Web.UI.Control.RenderControl(HtmlTextWriter writer, ControlAdapter adapter)
   at System.Web.UI.Control.RenderControl(HtmlTextWriter writer)
   at System.Web.UI.Control.RenderChildrenInternal(HtmlTextWriter writer, ICollection children)
   at System.Web.UI.Control.RenderChildren(HtmlTextWriter writer)
   at System.Web.UI.Page.Render(HtmlTextWriter writer)
   at System.Web.UI.Control.RenderControlInternal(HtmlTextWriter writer, ControlAdapter adapter)
   at System.Web.UI.Control.RenderControl(HtmlTextWriter writer, ControlAdapter adapter)
   at System.Web.UI.Control.RenderControl(HtmlTextWriter writer)
   at System.Web.UI.Page.ProcessRequestMain(Boolean includeStagesBeforeAsyncPoint, Boolean includeStagesAfterAsyncPoint)
   at System.Web.UI.Page.HandleError(Exception e)
   at System.Web.UI.Page.ProcessRequestMain(Boolean includeStagesBeforeAsyncPoint, Boolean includeStagesAfterAsyncPoint)
   at System.Web.UI.Page.ProcessRequest(Boolean includeStagesBeforeAsyncPoint, Boolean includeStagesAfterAsyncPoint)
   at System.Web.UI.Page.ProcessRequest()
   at System.Web.UI.Page.ProcessRequestWithNoAssert(HttpContext context)
   at System.Web.UI.Page.ProcessRequest(HttpContext context)
   at ASP.frmopreport_aspx.ProcessRequest(HttpContext context) in c:\Users\Binaryclouds-PC\AppData\Local\Temp\Temporary ASP.NET Files\vs\8f32aff9\b13cd28\App_Web_gjo4hb2x.0.cs:line 0
   at System.Web.HttpApplication.CallHandlerExecutionStep.System.Web.HttpApplication.IExecutionStep.Execute()
   at System.Web.HttpApplication.ExecuteStepImpl(IExecutionStep step)
   at System.Web.HttpApplication.ExecuteStep(IExecutionStep step, Boolean& completedSynchronously)
----------------------------------------
----------------------------------------
Timestamp local:F Friday, March 8, 2019 10:39:50 AM
Message: Application_Error | System.Web.HttpUnhandledException (0x80004005): Exception of type 'System.Web.HttpUnhandledException' was thrown. ---> System.NullReferenceException: Object reference not set to an instance of an object.
   at ASP.vhmsmasterpage_master.__Render__control1(HtmlTextWriter __w, Control parameterContainer) in d:\Mani\Xitran Technologies \Source Code\VHMS\VHMS.Web\VHMSMasterPage.master:line 72
   at System.Web.UI.Control.RenderChildrenInternal(HtmlTextWriter writer, ICollection children)
   at System.Web.UI.Control.RenderChildren(HtmlTextWriter writer)
   at System.Web.UI.Control.Render(HtmlTextWriter writer)
   at System.Web.UI.Control.RenderControlInternal(HtmlTextWriter writer, ControlAdapter adapter)
   at System.Web.UI.Control.RenderControl(HtmlTextWriter writer, ControlAdapter adapter)
   at System.Web.UI.Control.RenderControl(HtmlTextWriter writer)
   at System.Web.UI.Control.RenderChildrenInternal(HtmlTextWriter writer, ICollection children)
   at System.Web.UI.Control.RenderChildren(HtmlTextWriter writer)
   at System.Web.UI.Page.Render(HtmlTextWriter writer)
   at System.Web.UI.Control.RenderControlInternal(HtmlTextWriter writer, ControlAdapter adapter)
   at System.Web.UI.Control.RenderControl(HtmlTextWriter writer, ControlAdapter adapter)
   at System.Web.UI.Control.RenderControl(HtmlTextWriter writer)
   at System.Web.UI.Page.ProcessRequestMain(Boolean includeStagesBeforeAsyncPoint, Boolean includeStagesAfterAsyncPoint)
   at System.Web.UI.Page.HandleError(Exception e)
   at System.Web.UI.Page.ProcessRequestMain(Boolean includeStagesBeforeAsyncPoint, Boolean includeStagesAfterAsyncPoint)
   at System.Web.UI.Page.ProcessRequest(Boolean includeStagesBeforeAsyncPoint, Boolean includeStagesAfterAsyncPoint)
   at System.Web.UI.Page.ProcessRequest()
   at System.Web.UI.Page.ProcessRequestWithNoAssert(HttpContext context)
   at System.Web.UI.Page.ProcessRequest(HttpContext context)
   at ASP.frmopreport_aspx.ProcessRequest(HttpContext context) in c:\Users\Binaryclouds-PC\AppData\Local\Temp\Temporary ASP.NET Files\vs\8f32aff9\b13cd28\App_Web_gjo4hb2x.0.cs:line 0
   at System.Web.HttpApplication.CallHandlerExecutionStep.System.Web.HttpApplication.IExecutionStep.Execute()
   at System.Web.HttpApplication.ExecuteStepImpl(IExecutionStep step)
   at System.Web.HttpApplication.ExecuteStep(IExecutionStep step, Boolean& completedSynchronously)|
HouseType: General

Priority: -1

EventId: 2

Severity: Information

Title:

Machine: DESKTOP-5TS16T6

App Domain: /LM/W3SVC/2/ROOT-1-131964952582697261

ProcessId: 9200

Process Name: C:\Program Files (x86)\IIS Express\iisexpress.exe

Thread Name: 

Win32 ThreadId:9528

Extended Properties: Application_Error | System.Web.HttpUnhandledException (0x80004005): Exception of type 'System.Web.HttpUnhandledException' was thrown. ---> System.NullReferenceException: Object reference not set to an instance of an object.
   at ASP.vhmsmasterpage_master.__Render__control1(HtmlTextWriter __w, Control parameterContainer) in d:\Mani\Xitran Technologies \Source Code\VHMS\VHMS.Web\VHMSMasterPage.master:line 72
   at System.Web.UI.Control.RenderChildrenInternal(HtmlTextWriter writer, ICollection children)
   at System.Web.UI.Control.RenderChildren(HtmlTextWriter writer)
   at System.Web.UI.Control.Render(HtmlTextWriter writer)
   at System.Web.UI.Control.RenderControlInternal(HtmlTextWriter writer, ControlAdapter adapter)
   at System.Web.UI.Control.RenderControl(HtmlTextWriter writer, ControlAdapter adapter)
   at System.Web.UI.Control.RenderControl(HtmlTextWriter writer)
   at System.Web.UI.Control.RenderChildrenInternal(HtmlTextWriter writer, ICollection children)
   at System.Web.UI.Control.RenderChildren(HtmlTextWriter writer)
   at System.Web.UI.Page.Render(HtmlTextWriter writer)
   at System.Web.UI.Control.RenderControlInternal(HtmlTextWriter writer, ControlAdapter adapter)
   at System.Web.UI.Control.RenderControl(HtmlTextWriter writer, ControlAdapter adapter)
   at System.Web.UI.Control.RenderControl(HtmlTextWriter writer)
   at System.Web.UI.Page.ProcessRequestMain(Boolean includeStagesBeforeAsyncPoint, Boolean includeStagesAfterAsyncPoint)
   at System.Web.UI.Page.HandleError(Exception e)
   at System.Web.UI.Page.ProcessRequestMain(Boolean includeStagesBeforeAsyncPoint, Boolean includeStagesAfterAsyncPoint)
   at System.Web.UI.Page.ProcessRequest(Boolean includeStagesBeforeAsyncPoint, Boolean includeStagesAfterAsyncPoint)
   at System.Web.UI.Page.ProcessRequest()
   at System.Web.UI.Page.ProcessRequestWithNoAssert(HttpContext context)
   at System.Web.UI.Page.ProcessRequest(HttpContext context)
   at ASP.frmopreport_aspx.ProcessRequest(HttpContext context) in c:\Users\Binaryclouds-PC\AppData\Local\Temp\Temporary ASP.NET Files\vs\8f32aff9\b13cd28\App_Web_gjo4hb2x.0.cs:line 0
   at System.Web.HttpApplication.CallHandlerExecutionStep.System.Web.HttpApplication.IExecutionStep.Execute()
   at System.Web.HttpApplication.ExecuteStepImpl(IExecutionStep step)
   at System.Web.HttpApplication.ExecuteStep(IExecutionStep step, Boolean& completedSynchronously)
----------------------------------------
----------------------------------------
Timestamp local:F Friday, March 8, 2019 10:44:36 AM
Message: BaseConfigPage_Load | UserID Session Expired|
HouseType: General

Priority: -1

EventId: 2

Severity: Information

Title:

Machine: DESKTOP-5TS16T6

App Domain: /LM/W3SVC/2/ROOT-2-131964956664380041

ProcessId: 9200

Process Name: C:\Program Files (x86)\IIS Express\iisexpress.exe

Thread Name: 

Win32 ThreadId:1656

Extended Properties: BaseConfigPage_Load | UserID Session Expired
----------------------------------------
