----------------------------------------
Timestamp local:F Monday, April 8, 2019 6:53:57 PM
Message: Application_Error | System.Web.HttpUnhandledException (0x80004005): Exception of type 'System.Web.HttpUnhandledException' was thrown. ---> System.NullReferenceException: Object reference not set to an instance of an object.
   at VHMSService.AddPageVisitLog() in d:\Mani\JS Hospital\Source Code\VHMS\VHMS.Web\App_Code\VHMSService.cs:line 114
   at frmPatientDetailsReport.Page_Load(Object sender, EventArgs e) in d:\Mani\JS Hospital\Source Code\VHMS\VHMS.Web\frmPatientDetailsReport.aspx.cs:line 19
   at System.Web.Util.CalliEventHandlerDelegateProxy.Callback(Object sender, EventArgs e)
   at System.Web.UI.Control.OnLoad(EventArgs e)
   at System.Web.UI.Control.LoadRecursive()
   at System.Web.UI.Page.ProcessRequestMain(Boolean includeStagesBeforeAsyncPoint, Boolean includeStagesAfterAsyncPoint)
   at System.Web.UI.Page.HandleError(Exception e)
   at System.Web.UI.Page.ProcessRequestMain(Boolean includeStagesBeforeAsyncPoint, Boolean includeStagesAfterAsyncPoint)
   at System.Web.UI.Page.ProcessRequest(Boolean includeStagesBeforeAsyncPoint, Boolean includeStagesAfterAsyncPoint)
   at System.Web.UI.Page.ProcessRequest()
   at System.Web.UI.Page.ProcessRequestWithNoAssert(HttpContext context)
   at System.Web.UI.Page.ProcessRequest(HttpContext context)
   at ASP.frmpatientdetailsreport_aspx.ProcessRequest(HttpContext context) in c:\Users\Binaryclouds-PC\AppData\Local\Temp\Temporary ASP.NET Files\vs\8f32aff9\b13cd28\App_Web_o0k05vj5.0.cs:line 0
   at System.Web.HttpApplication.CallHandlerExecutionStep.System.Web.HttpApplication.IExecutionStep.Execute()
   at System.Web.HttpApplication.ExecuteStepImpl(IExecutionStep step)
   at System.Web.HttpApplication.ExecuteStep(IExecutionStep step, Boolean& completedSynchronously)|
Category: General

Priority: -1

EventId: 2

Severity: Information

Title:

Machine: DESKTOP-5TS16T6

App Domain: /LM/W3SVC/2/ROOT-3-131992027121322937

ProcessId: 3924

Process Name: C:\Program Files (x86)\IIS Express\iisexpress.exe

Thread Name: 

Win32 ThreadId:13656

Extended Properties: Application_Error | System.Web.HttpUnhandledException (0x80004005): Exception of type 'System.Web.HttpUnhandledException' was thrown. ---> System.NullReferenceException: Object reference not set to an instance of an object.
   at VHMSService.AddPageVisitLog() in d:\Mani\JS Hospital\Source Code\VHMS\VHMS.Web\App_Code\VHMSService.cs:line 114
   at frmPatientDetailsReport.Page_Load(Object sender, EventArgs e) in d:\Mani\JS Hospital\Source Code\VHMS\VHMS.Web\frmPatientDetailsReport.aspx.cs:line 19
   at System.Web.Util.CalliEventHandlerDelegateProxy.Callback(Object sender, EventArgs e)
   at System.Web.UI.Control.OnLoad(EventArgs e)
   at System.Web.UI.Control.LoadRecursive()
   at System.Web.UI.Page.ProcessRequestMain(Boolean includeStagesBeforeAsyncPoint, Boolean includeStagesAfterAsyncPoint)
   at System.Web.UI.Page.HandleError(Exception e)
   at System.Web.UI.Page.ProcessRequestMain(Boolean includeStagesBeforeAsyncPoint, Boolean includeStagesAfterAsyncPoint)
   at System.Web.UI.Page.ProcessRequest(Boolean includeStagesBeforeAsyncPoint, Boolean includeStagesAfterAsyncPoint)
   at System.Web.UI.Page.ProcessRequest()
   at System.Web.UI.Page.ProcessRequestWithNoAssert(HttpContext context)
   at System.Web.UI.Page.ProcessRequest(HttpContext context)
   at ASP.frmpatientdetailsreport_aspx.ProcessRequest(HttpContext context) in c:\Users\Binaryclouds-PC\AppData\Local\Temp\Temporary ASP.NET Files\vs\8f32aff9\b13cd28\App_Web_o0k05vj5.0.cs:line 0
   at System.Web.HttpApplication.CallHandlerExecutionStep.System.Web.HttpApplication.IExecutionStep.Execute()
   at System.Web.HttpApplication.ExecuteStepImpl(IExecutionStep step)
   at System.Web.HttpApplication.ExecuteStep(IExecutionStep step, Boolean& completedSynchronously)
----------------------------------------
----------------------------------------
Timestamp local:F Monday, April 8, 2019 7:02:49 PM
Message: Application_Error | System.Web.HttpUnhandledException (0x80004005): Exception of type 'System.Web.HttpUnhandledException' was thrown. ---> System.NullReferenceException: Object reference not set to an instance of an object.
   at ASP.vhmsmasterpage_master.__Render__control1(HtmlTextWriter __w, Control parameterContainer) in d:\Mani\JS Hospital\Source Code\VHMS\VHMS.Web\VHMSMasterPage.master:line 72
   at System.Web.UI.Control.RenderChildrenInternal(HtmlTextWriter writer, ICollection children)
   at System.Web.UI.Control.RenderChildren(HtmlTextWriter writer)
   at System.Web.UI.Control.Render(HtmlTextWriter writer)
   at System.Web.UI.Control.RenderControlInternal(HtmlTextWriter writer, ControlAdapter adapter)
   at System.Web.UI.Control.RenderControl(HtmlTextWriter writer, ControlAdapter adapter)
   at System.Web.UI.Control.RenderControl(HtmlTextWriter writer)
   at System.Web.UI.Control.RenderChildrenInternal(HtmlTextWriter writer, ICollection children)
   at System.Web.UI.Control.RenderChildren(HtmlTextWriter writer)
   at System.Web.UI.Page.Render(HtmlTextWriter writer)
   at System.Web.UI.Control.RenderControlInternal(HtmlTextWriter writer, ControlAdapter adapter)
   at System.Web.UI.Control.RenderControl(HtmlTextWriter writer, ControlAdapter adapter)
   at System.Web.UI.Control.RenderControl(HtmlTextWriter writer)
   at System.Web.UI.Page.ProcessRequestMain(Boolean includeStagesBeforeAsyncPoint, Boolean includeStagesAfterAsyncPoint)
   at System.Web.UI.Page.HandleError(Exception e)
   at System.Web.UI.Page.ProcessRequestMain(Boolean includeStagesBeforeAsyncPoint, Boolean includeStagesAfterAsyncPoint)
   at System.Web.UI.Page.ProcessRequest(Boolean includeStagesBeforeAsyncPoint, Boolean includeStagesAfterAsyncPoint)
   at System.Web.UI.Page.ProcessRequest()
   at System.Web.UI.Page.ProcessRequestWithNoAssert(HttpContext context)
   at System.Web.UI.Page.ProcessRequest(HttpContext context)
   at ASP.frmopreport_aspx.ProcessRequest(HttpContext context) in c:\Users\Binaryclouds-PC\AppData\Local\Temp\Temporary ASP.NET Files\vs\8f32aff9\b13cd28\App_Web_2g4j0pt3.42.cs:line 0
   at System.Web.HttpApplication.CallHandlerExecutionStep.System.Web.HttpApplication.IExecutionStep.Execute()
   at System.Web.HttpApplication.ExecuteStepImpl(IExecutionStep step)
   at System.Web.HttpApplication.ExecuteStep(IExecutionStep step, Boolean& completedSynchronously)|
Category: General

Priority: -1

EventId: 2

Severity: Information

Title:

Machine: DESKTOP-5TS16T6

App Domain: /LM/W3SVC/2/ROOT-1-131992039682910833

ProcessId: 11148

Process Name: C:\Program Files (x86)\IIS Express\iisexpress.exe

Thread Name: 

Win32 ThreadId:13416

Extended Properties: Application_Error | System.Web.HttpUnhandledException (0x80004005): Exception of type 'System.Web.HttpUnhandledException' was thrown. ---> System.NullReferenceException: Object reference not set to an instance of an object.
   at ASP.vhmsmasterpage_master.__Render__control1(HtmlTextWriter __w, Control parameterContainer) in d:\Mani\JS Hospital\Source Code\VHMS\VHMS.Web\VHMSMasterPage.master:line 72
   at System.Web.UI.Control.RenderChildrenInternal(HtmlTextWriter writer, ICollection children)
   at System.Web.UI.Control.RenderChildren(HtmlTextWriter writer)
   at System.Web.UI.Control.Render(HtmlTextWriter writer)
   at System.Web.UI.Control.RenderControlInternal(HtmlTextWriter writer, ControlAdapter adapter)
   at System.Web.UI.Control.RenderControl(HtmlTextWriter writer, ControlAdapter adapter)
   at System.Web.UI.Control.RenderControl(HtmlTextWriter writer)
   at System.Web.UI.Control.RenderChildrenInternal(HtmlTextWriter writer, ICollection children)
   at System.Web.UI.Control.RenderChildren(HtmlTextWriter writer)
   at System.Web.UI.Page.Render(HtmlTextWriter writer)
   at System.Web.UI.Control.RenderControlInternal(HtmlTextWriter writer, ControlAdapter adapter)
   at System.Web.UI.Control.RenderControl(HtmlTextWriter writer, ControlAdapter adapter)
   at System.Web.UI.Control.RenderControl(HtmlTextWriter writer)
   at System.Web.UI.Page.ProcessRequestMain(Boolean includeStagesBeforeAsyncPoint, Boolean includeStagesAfterAsyncPoint)
   at System.Web.UI.Page.HandleError(Exception e)
   at System.Web.UI.Page.ProcessRequestMain(Boolean includeStagesBeforeAsyncPoint, Boolean includeStagesAfterAsyncPoint)
   at System.Web.UI.Page.ProcessRequest(Boolean includeStagesBeforeAsyncPoint, Boolean includeStagesAfterAsyncPoint)
   at System.Web.UI.Page.ProcessRequest()
   at System.Web.UI.Page.ProcessRequestWithNoAssert(HttpContext context)
   at System.Web.UI.Page.ProcessRequest(HttpContext context)
   at ASP.frmopreport_aspx.ProcessRequest(HttpContext context) in c:\Users\Binaryclouds-PC\AppData\Local\Temp\Temporary ASP.NET Files\vs\8f32aff9\b13cd28\App_Web_2g4j0pt3.42.cs:line 0
   at System.Web.HttpApplication.CallHandlerExecutionStep.System.Web.HttpApplication.IExecutionStep.Execute()
   at System.Web.HttpApplication.ExecuteStepImpl(IExecutionStep step)
   at System.Web.HttpApplication.ExecuteStep(IExecutionStep step, Boolean& completedSynchronously)
----------------------------------------
----------------------------------------
Timestamp local:F Monday, April 8, 2019 7:06:05 PM
Message: Application_Error | System.Web.HttpUnhandledException (0x80004005): Exception of type 'System.Web.HttpUnhandledException' was thrown. ---> System.NullReferenceException: Object reference not set to an instance of an object.
   at ASP.vhmsmasterpage_master.__Render__control1(HtmlTextWriter __w, Control parameterContainer) in d:\Mani\JS Hospital\Source Code\VHMS\VHMS.Web\VHMSMasterPage.master:line 72
   at System.Web.UI.Control.RenderChildrenInternal(HtmlTextWriter writer, ICollection children)
   at System.Web.UI.Control.RenderChildren(HtmlTextWriter writer)
   at System.Web.UI.Control.Render(HtmlTextWriter writer)
   at System.Web.UI.Control.RenderControlInternal(HtmlTextWriter writer, ControlAdapter adapter)
   at System.Web.UI.Control.RenderControl(HtmlTextWriter writer, ControlAdapter adapter)
   at System.Web.UI.Control.RenderControl(HtmlTextWriter writer)
   at System.Web.UI.Control.RenderChildrenInternal(HtmlTextWriter writer, ICollection children)
   at System.Web.UI.Control.RenderChildren(HtmlTextWriter writer)
   at System.Web.UI.Page.Render(HtmlTextWriter writer)
   at System.Web.UI.Control.RenderControlInternal(HtmlTextWriter writer, ControlAdapter adapter)
   at System.Web.UI.Control.RenderControl(HtmlTextWriter writer, ControlAdapter adapter)
   at System.Web.UI.Control.RenderControl(HtmlTextWriter writer)
   at System.Web.UI.Page.ProcessRequestMain(Boolean includeStagesBeforeAsyncPoint, Boolean includeStagesAfterAsyncPoint)
   at System.Web.UI.Page.HandleError(Exception e)
   at System.Web.UI.Page.ProcessRequestMain(Boolean includeStagesBeforeAsyncPoint, Boolean includeStagesAfterAsyncPoint)
   at System.Web.UI.Page.ProcessRequest(Boolean includeStagesBeforeAsyncPoint, Boolean includeStagesAfterAsyncPoint)
   at System.Web.UI.Page.ProcessRequest()
   at System.Web.UI.Page.ProcessRequestWithNoAssert(HttpContext context)
   at System.Web.UI.Page.ProcessRequest(HttpContext context)
   at ASP.frmpatientdetailsreport_aspx.ProcessRequest(HttpContext context) in c:\Users\Binaryclouds-PC\AppData\Local\Temp\Temporary ASP.NET Files\vs\8f32aff9\b13cd28\App_Web_kd0hgkx1.0.cs:line 0
   at System.Web.HttpApplication.CallHandlerExecutionStep.System.Web.HttpApplication.IExecutionStep.Execute()
   at System.Web.HttpApplication.ExecuteStepImpl(IExecutionStep step)
   at System.Web.HttpApplication.ExecuteStep(IExecutionStep step, Boolean& completedSynchronously)|
Category: General

Priority: -1

EventId: 2

Severity: Information

Title:

Machine: DESKTOP-5TS16T6

App Domain: /LM/W3SVC/2/ROOT-1-131992039682910833

ProcessId: 11148

Process Name: C:\Program Files (x86)\IIS Express\iisexpress.exe

Thread Name: 

Win32 ThreadId:6796

Extended Properties: Application_Error | System.Web.HttpUnhandledException (0x80004005): Exception of type 'System.Web.HttpUnhandledException' was thrown. ---> System.NullReferenceException: Object reference not set to an instance of an object.
   at ASP.vhmsmasterpage_master.__Render__control1(HtmlTextWriter __w, Control parameterContainer) in d:\Mani\JS Hospital\Source Code\VHMS\VHMS.Web\VHMSMasterPage.master:line 72
   at System.Web.UI.Control.RenderChildrenInternal(HtmlTextWriter writer, ICollection children)
   at System.Web.UI.Control.RenderChildren(HtmlTextWriter writer)
   at System.Web.UI.Control.Render(HtmlTextWriter writer)
   at System.Web.UI.Control.RenderControlInternal(HtmlTextWriter writer, ControlAdapter adapter)
   at System.Web.UI.Control.RenderControl(HtmlTextWriter writer, ControlAdapter adapter)
   at System.Web.UI.Control.RenderControl(HtmlTextWriter writer)
   at System.Web.UI.Control.RenderChildrenInternal(HtmlTextWriter writer, ICollection children)
   at System.Web.UI.Control.RenderChildren(HtmlTextWriter writer)
   at System.Web.UI.Page.Render(HtmlTextWriter writer)
   at System.Web.UI.Control.RenderControlInternal(HtmlTextWriter writer, ControlAdapter adapter)
   at System.Web.UI.Control.RenderControl(HtmlTextWriter writer, ControlAdapter adapter)
   at System.Web.UI.Control.RenderControl(HtmlTextWriter writer)
   at System.Web.UI.Page.ProcessRequestMain(Boolean includeStagesBeforeAsyncPoint, Boolean includeStagesAfterAsyncPoint)
   at System.Web.UI.Page.HandleError(Exception e)
   at System.Web.UI.Page.ProcessRequestMain(Boolean includeStagesBeforeAsyncPoint, Boolean includeStagesAfterAsyncPoint)
   at System.Web.UI.Page.ProcessRequest(Boolean includeStagesBeforeAsyncPoint, Boolean includeStagesAfterAsyncPoint)
   at System.Web.UI.Page.ProcessRequest()
   at System.Web.UI.Page.ProcessRequestWithNoAssert(HttpContext context)
   at System.Web.UI.Page.ProcessRequest(HttpContext context)
   at ASP.frmpatientdetailsreport_aspx.ProcessRequest(HttpContext context) in c:\Users\Binaryclouds-PC\AppData\Local\Temp\Temporary ASP.NET Files\vs\8f32aff9\b13cd28\App_Web_kd0hgkx1.0.cs:line 0
   at System.Web.HttpApplication.CallHandlerExecutionStep.System.Web.HttpApplication.IExecutionStep.Execute()
   at System.Web.HttpApplication.ExecuteStepImpl(IExecutionStep step)
   at System.Web.HttpApplication.ExecuteStep(IExecutionStep step, Boolean& completedSynchronously)
----------------------------------------
