----------------------------------------
Timestamp local:F Wednesday, October 25, 2017 8:37:39 AM
Message: BaseConfigPage_Load | UserID Session Expired|
Category: General

Priority: -1

EventId: 2

Severity: Information

Title:

Machine: SIVAKUMAR-PC

App Domain: /LM/W3SVC/12/ROOT-7-131533744493582370

ProcessId: 6748

Process Name: C:\Program Files (x86)\IIS Express\iisexpress.exe

Thread Name: 

Win32 ThreadId:6908

Extended Properties: BaseConfigPage_Load | UserID Session Expired
----------------------------------------
----------------------------------------
Timestamp local:F Wednesday, October 25, 2017 8:43:14 AM
Message: BaseConfigPage_Load | UserID Session Expired|
Category: General

Priority: -1

EventId: 2

Severity: Information

Title:

Machine: SIVAKUMAR-PC

App Domain: /LM/W3SVC/12/ROOT-7-131533744493582370

ProcessId: 6748

Process Name: C:\Program Files (x86)\IIS Express\iisexpress.exe

Thread Name: 

Win32 ThreadId:2712

Extended Properties: BaseConfigPage_Load | UserID Session Expired
----------------------------------------
